<?xml version="1.0" encoding="UTF-8"?>
<!-- Generated by org.testng.reporters.JUnitReportReporter -->
<testsuite skipped="0" hostname="EN2010247" name="test.java.MytestNGClass" tests="3" failures="0" timestamp="2020-04-30T11:15:14 COT" time="0.004" errors="0">
  <testcase name="setup" time="0.004" classname="test.java.MytestNGClass"/>
  <system-out/>
  <testcase name="setup2" time="0.000" classname="test.java.MytestNGClass"/>
  <system-out/>
  <testcase name="setup3" time="0.000" classname="test.java.MytestNGClass"/>
  <system-out/>
</testsuite> <!-- test.java.MytestNGClass -->
